*** Starting uWSGI 2.0.15 (64bit) on [Fri Apr 14 09:41:08 2017] ***
compiled with version: 5.4.0 20160609 on 09 April 2017 23:08:20
os: Linux-4.4.0-53-generic #74-Ubuntu SMP Fri Dec 2 15:59:10 UTC 2016
nodename: VM-119-176-ubuntu
machine: x86_64
clock source: unix
detected number of CPU cores: 1
current working directory: /home/ubuntu/project/Blog/wfxu
detected binary path: /usr/local/bin/uwsgi
!!! no internal routing support, rebuild with pcre support !!!
chdir() to /home/ubuntu/project/Blog/wfxu
*** WARNING: you are running uWSGI without its master process manager ***
your processes number limit is 3308
your memory page size is 4096 bytes
detected max file descriptor number: 1024
lock engine: pthread robust mutexes
thunder lock: disabled (you can enable it with --thunder-lock)
uwsgi socket 0 bound to TCP address :8080 fd 3
Python version: 2.7.12 (default, Nov 19 2016, 06:48:10)  [GCC 5.4.0 20160609]
*** Python threads support is disabled. You can enable it with --enable-threads ***
Python main interpreter initialized at 0x14b5590
your server socket listen backlog is limited to 100 connections
your mercy for graceful operations on workers is 60 seconds
mapped 291040 bytes (284 KB) for 4 cores
*** Operational MODE: preforking ***
ImportError: No module named django_wsgi
unable to load app 0 (mountpoint='') (callable not found or import error)
*** no app loaded. going in full dynamic mode ***
*** uWSGI is running in multiple interpreter mode ***
spawned uWSGI worker 1 (pid: 10535, cores: 1)
spawned uWSGI worker 2 (pid: 10536, cores: 1)
spawned uWSGI worker 3 (pid: 10537, cores: 1)
spawned uWSGI worker 4 (pid: 10538, cores: 1)
--- no python application found, check your startup logs for errors ---
[pid: 10538|app: -1|req: -1/1] 122.96.42.144 () {44 vars in 993 bytes} [Fri Apr 14 09:43:46 2017] GET / => generated 21 bytes in 0 msecs (HTTP/1.1 500) 2 headers in 83 bytes (0 switches on core 0)
--- no python application found, check your startup logs for errors ---
[pid: 10535|app: -1|req: -1/2] 122.96.42.144 () {42 vars in 794 bytes} [Fri Apr 14 09:43:46 2017] GET /favicon.ico => generated 21 bytes in 0 msecs (HTTP/1.1 500) 2 headers in 83 bytes (0 switches on core 0)
*** Starting uWSGI 2.0.15 (64bit) on [Fri Apr 14 09:44:37 2017] ***
compiled with version: 5.4.0 20160609 on 09 April 2017 23:08:20
os: Linux-4.4.0-53-generic #74-Ubuntu SMP Fri Dec 2 15:59:10 UTC 2016
nodename: VM-119-176-ubuntu
machine: x86_64
clock source: unix
detected number of CPU cores: 1
current working directory: /home/ubuntu/project/Blog/wfxu
detected binary path: /usr/local/bin/uwsgi
!!! no internal routing support, rebuild with pcre support !!!
chdir() to /home/ubuntu/project/Blog/wfxu
*** WARNING: you are running uWSGI without its master process manager ***
your processes number limit is 3308
your memory page size is 4096 bytes
detected max file descriptor number: 1024
lock engine: pthread robust mutexes
thunder lock: disabled (you can enable it with --thunder-lock)
probably another instance of uWSGI is running on the same address (:8080).
bind(): Address already in use [core/socket.c line 769]
*** Starting uWSGI 2.0.15 (64bit) on [Fri Apr 14 09:45:09 2017] ***
compiled with version: 5.4.0 20160609 on 09 April 2017 23:08:20
os: Linux-4.4.0-53-generic #74-Ubuntu SMP Fri Dec 2 15:59:10 UTC 2016
nodename: VM-119-176-ubuntu
machine: x86_64
clock source: unix
detected number of CPU cores: 1
current working directory: /home/ubuntu/project/Blog/wfxu
detected binary path: /usr/local/bin/uwsgi
!!! no internal routing support, rebuild with pcre support !!!
chdir() to /home/ubuntu/project/Blog/wfxu
*** WARNING: you are running uWSGI without its master process manager ***
your processes number limit is 3308
your memory page size is 4096 bytes
detected max file descriptor number: 1024
lock engine: pthread robust mutexes
thunder lock: disabled (you can enable it with --thunder-lock)
probably another instance of uWSGI is running on the same address (:8080).
bind(): Address already in use [core/socket.c line 769]
*** Starting uWSGI 2.0.15 (64bit) on [Fri Apr 14 09:45:33 2017] ***
compiled with version: 5.4.0 20160609 on 09 April 2017 23:08:20
os: Linux-4.4.0-53-generic #74-Ubuntu SMP Fri Dec 2 15:59:10 UTC 2016
nodename: VM-119-176-ubuntu
machine: x86_64
clock source: unix
detected number of CPU cores: 1
current working directory: /home/ubuntu/project/Blog/wfxu
detected binary path: /usr/local/bin/uwsgi
!!! no internal routing support, rebuild with pcre support !!!
chdir() to /home/ubuntu/project/Blog/wfxu
*** WARNING: you are running uWSGI without its master process manager ***
your processes number limit is 3308
your memory page size is 4096 bytes
detected max file descriptor number: 1024
lock engine: pthread robust mutexes
thunder lock: disabled (you can enable it with --thunder-lock)
probably another instance of uWSGI is running on the same address (:8080).
bind(): Address already in use [core/socket.c line 769]
invalid request block size: 21573 (max 4096)...skip
invalid request block size: 21573 (max 4096)...skip
invalid request block size: 21573 (max 4096)...skip
invalid request block size: 21573 (max 4096)...skip
invalid request block size: 21573 (max 4096)...skip
invalid request block size: 21573 (max 4096)...skip
invalid request block size: 20047 (max 4096)...skip
invalid request block size: 21573 (max 4096)...skip
invalid request block size: 21573 (max 4096)...skip
invalid request block size: 21573 (max 4096)...skip
invalid request block size: 21573 (max 4096)...skip
invalid request block size: 21573 (max 4096)...skip
invalid request block size: 21573 (max 4096)...skip
*** Starting uWSGI 2.0.15 (64bit) on [Mon Apr 17 10:24:49 2017] ***
compiled with version: 5.4.0 20160609 on 09 April 2017 23:08:20
os: Linux-4.4.0-53-generic #74-Ubuntu SMP Fri Dec 2 15:59:10 UTC 2016
nodename: VM-119-176-ubuntu
machine: x86_64
clock source: unix
detected number of CPU cores: 1
current working directory: /home/ubuntu/project/Blog/wfxu
detected binary path: /usr/local/bin/uwsgi
!!! no internal routing support, rebuild with pcre support !!!
chdir() to /home/ubuntu/project/Blog/wfxu
*** WARNING: you are running uWSGI without its master process manager ***
your processes number limit is 3308
your memory page size is 4096 bytes
detected max file descriptor number: 1024
lock engine: pthread robust mutexes
thunder lock: disabled (you can enable it with --thunder-lock)
uwsgi socket 0 bound to TCP address :8080 fd 3
Python version: 2.7.12 (default, Nov 19 2016, 06:48:10)  [GCC 5.4.0 20160609]
*** Python threads support is disabled. You can enable it with --enable-threads ***
Python main interpreter initialized at 0xaa4590
your server socket listen backlog is limited to 100 connections
your mercy for graceful operations on workers is 60 seconds
mapped 291040 bytes (284 KB) for 4 cores
*** Operational MODE: preforking ***
ImportError: No module named django_wsgi
unable to load app 0 (mountpoint='') (callable not found or import error)
*** no app loaded. going in full dynamic mode ***
*** uWSGI is running in multiple interpreter mode ***
spawned uWSGI worker 1 (pid: 24279, cores: 1)
spawned uWSGI worker 2 (pid: 24280, cores: 1)
spawned uWSGI worker 3 (pid: 24281, cores: 1)
spawned uWSGI worker 4 (pid: 24282, cores: 1)
*** Starting uWSGI 2.0.15 (64bit) on [Mon Apr 17 10:39:01 2017] ***
compiled with version: 5.4.0 20160609 on 09 April 2017 23:08:20
os: Linux-4.4.0-53-generic #74-Ubuntu SMP Fri Dec 2 15:59:10 UTC 2016
nodename: VM-119-176-ubuntu
machine: x86_64
clock source: unix
detected number of CPU cores: 1
current working directory: /home/ubuntu/project/Blog/wfxu
detected binary path: /usr/local/bin/uwsgi
!!! no internal routing support, rebuild with pcre support !!!
chdir() to /home/ubuntu/project/Blog/wfxu
*** WARNING: you are running uWSGI without its master process manager ***
your processes number limit is 3308
your memory page size is 4096 bytes
detected max file descriptor number: 1024
lock engine: pthread robust mutexes
thunder lock: disabled (you can enable it with --thunder-lock)
bind(): Permission denied [core/socket.c line 769]
*** Starting uWSGI 2.0.15 (64bit) on [Mon Apr 17 10:39:22 2017] ***
compiled with version: 5.4.0 20160609 on 09 April 2017 23:08:20
os: Linux-4.4.0-53-generic #74-Ubuntu SMP Fri Dec 2 15:59:10 UTC 2016
nodename: VM-119-176-ubuntu
machine: x86_64
clock source: unix
detected number of CPU cores: 1
current working directory: /home/ubuntu/project/Blog/wfxu
detected binary path: /usr/local/bin/uwsgi
!!! no internal routing support, rebuild with pcre support !!!
chdir() to /home/ubuntu/project/Blog/wfxu
*** WARNING: you are running uWSGI without its master process manager ***
your processes number limit is 3308
your memory page size is 4096 bytes
detected max file descriptor number: 1024
lock engine: pthread robust mutexes
thunder lock: disabled (you can enable it with --thunder-lock)
bind(): Permission denied [core/socket.c line 769]
*** Starting uWSGI 2.0.15 (64bit) on [Mon Apr 17 10:50:08 2017] ***
compiled with version: 5.4.0 20160609 on 09 April 2017 23:08:20
os: Linux-4.4.0-53-generic #74-Ubuntu SMP Fri Dec 2 15:59:10 UTC 2016
nodename: VM-119-176-ubuntu
machine: x86_64
clock source: unix
detected number of CPU cores: 1
current working directory: /home/ubuntu/project/Blog/wfxu
detected binary path: /usr/local/bin/uwsgi
!!! no internal routing support, rebuild with pcre support !!!
chdir() to /home/ubuntu/project/Blog/wfxu
*** WARNING: you are running uWSGI without its master process manager ***
your processes number limit is 3308
your memory page size is 4096 bytes
detected max file descriptor number: 1024
lock engine: pthread robust mutexes
thunder lock: disabled (you can enable it with --thunder-lock)
bind(): Permission denied [core/socket.c line 769]
*** Starting uWSGI 2.0.15 (64bit) on [Mon Apr 17 10:52:47 2017] ***
compiled with version: 5.4.0 20160609 on 09 April 2017 23:08:20
os: Linux-4.4.0-53-generic #74-Ubuntu SMP Fri Dec 2 15:59:10 UTC 2016
nodename: VM-119-176-ubuntu
machine: x86_64
clock source: unix
detected number of CPU cores: 1
current working directory: /home/ubuntu/project/Blog/wfxu
detected binary path: /usr/local/bin/uwsgi
!!! no internal routing support, rebuild with pcre support !!!
chdir() to /home/ubuntu/project/Blog/wfxu
*** WARNING: you are running uWSGI without its master process manager ***
your processes number limit is 3308
your memory page size is 4096 bytes
detected max file descriptor number: 1024
lock engine: pthread robust mutexes
thunder lock: disabled (you can enable it with --thunder-lock)
bind(): Permission denied [core/socket.c line 769]
*** Starting uWSGI 2.0.15 (64bit) on [Mon Apr 17 10:53:59 2017] ***
compiled with version: 5.4.0 20160609 on 09 April 2017 23:08:20
os: Linux-4.4.0-53-generic #74-Ubuntu SMP Fri Dec 2 15:59:10 UTC 2016
nodename: VM-119-176-ubuntu
machine: x86_64
clock source: unix
detected number of CPU cores: 1
current working directory: /home/ubuntu/project/Blog/wfxu
detected binary path: /usr/local/bin/uwsgi
!!! no internal routing support, rebuild with pcre support !!!
chdir() to /home/ubuntu/project/Blog/wfxu
*** WARNING: you are running uWSGI without its master process manager ***
your processes number limit is 3308
your memory page size is 4096 bytes
detected max file descriptor number: 1024
lock engine: pthread robust mutexes
thunder lock: disabled (you can enable it with --thunder-lock)
bind(): Permission denied [core/socket.c line 769]
*** Starting uWSGI 2.0.15 (64bit) on [Mon Apr 17 10:55:00 2017] ***
compiled with version: 5.4.0 20160609 on 09 April 2017 23:08:20
os: Linux-4.4.0-53-generic #74-Ubuntu SMP Fri Dec 2 15:59:10 UTC 2016
nodename: VM-119-176-ubuntu
machine: x86_64
clock source: unix
detected number of CPU cores: 1
current working directory: /home/ubuntu/project/Blog/wfxu
detected binary path: /usr/local/bin/uwsgi
!!! no internal routing support, rebuild with pcre support !!!
chdir() to /home/ubuntu/project/Blog/wfxu
*** WARNING: you are running uWSGI without its master process manager ***
your processes number limit is 3308
your memory page size is 4096 bytes
detected max file descriptor number: 1024
lock engine: pthread robust mutexes
thunder lock: disabled (you can enable it with --thunder-lock)
uwsgi socket 0 bound to TCP address :8000 fd 3
Python version: 2.7.12 (default, Nov 19 2016, 06:48:10)  [GCC 5.4.0 20160609]
*** Python threads support is disabled. You can enable it with --enable-threads ***
Python main interpreter initialized at 0x12d8590
your server socket listen backlog is limited to 100 connections
your mercy for graceful operations on workers is 60 seconds
mapped 291040 bytes (284 KB) for 4 cores
*** Operational MODE: preforking ***
ImportError: No module named django_wsgi
unable to load app 0 (mountpoint='') (callable not found or import error)
*** no app loaded. going in full dynamic mode ***
*** uWSGI is running in multiple interpreter mode ***
spawned uWSGI worker 1 (pid: 26096, cores: 1)
spawned uWSGI worker 2 (pid: 26097, cores: 1)
spawned uWSGI worker 3 (pid: 26098, cores: 1)
spawned uWSGI worker 4 (pid: 26099, cores: 1)
*** Starting uWSGI 2.0.15 (64bit) on [Mon Apr 17 11:03:31 2017] ***
compiled with version: 5.4.0 20160609 on 09 April 2017 23:08:20
os: Linux-4.4.0-53-generic #74-Ubuntu SMP Fri Dec 2 15:59:10 UTC 2016
nodename: VM-119-176-ubuntu
machine: x86_64
clock source: unix
detected number of CPU cores: 1
current working directory: /home/ubuntu/project/Blog/wfxu
detected binary path: /usr/local/bin/uwsgi
!!! no internal routing support, rebuild with pcre support !!!
chdir() to /home/ubuntu/project/Blog/wfxu
*** WARNING: you are running uWSGI without its master process manager ***
your processes number limit is 3308
your memory page size is 4096 bytes
detected max file descriptor number: 1024
lock engine: pthread robust mutexes
thunder lock: disabled (you can enable it with --thunder-lock)
uwsgi socket 0 bound to TCP address :8000 fd 3
Python version: 2.7.12 (default, Nov 19 2016, 06:48:10)  [GCC 5.4.0 20160609]
*** Python threads support is disabled. You can enable it with --enable-threads ***
Python main interpreter initialized at 0x239d590
your server socket listen backlog is limited to 100 connections
your mercy for graceful operations on workers is 60 seconds
mapped 291040 bytes (284 KB) for 4 cores
*** Operational MODE: preforking ***
ImportError: No module named django_wsgi
unable to load app 0 (mountpoint='') (callable not found or import error)
*** no app loaded. going in full dynamic mode ***
*** uWSGI is running in multiple interpreter mode ***
spawned uWSGI worker 1 (pid: 26670, cores: 1)
spawned uWSGI worker 2 (pid: 26671, cores: 1)
spawned uWSGI worker 3 (pid: 26672, cores: 1)
spawned uWSGI worker 4 (pid: 26673, cores: 1)
*** Starting uWSGI 2.0.15 (64bit) on [Sun Apr 23 11:39:09 2017] ***
compiled with version: 5.4.0 20160609 on 09 April 2017 23:08:20
os: Linux-4.4.0-53-generic #74-Ubuntu SMP Fri Dec 2 15:59:10 UTC 2016
nodename: VM-119-176-ubuntu
machine: x86_64
clock source: unix
detected number of CPU cores: 1
current working directory: /home/ubuntu/project/Blog/wfxu
detected binary path: /usr/local/bin/uwsgi
!!! no internal routing support, rebuild with pcre support !!!
chdir() to /home/ubuntu/project/Blog/wfxu
*** WARNING: you are running uWSGI without its master process manager ***
your processes number limit is 3308
your memory page size is 4096 bytes
detected max file descriptor number: 1024
lock engine: pthread robust mutexes
thunder lock: disabled (you can enable it with --thunder-lock)
probably another instance of uWSGI is running on the same address (:8080).
bind(): Address already in use [core/socket.c line 769]
*** Starting uWSGI 2.0.15 (64bit) on [Sun Apr 23 11:41:04 2017] ***
compiled with version: 5.4.0 20160609 on 09 April 2017 23:08:20
os: Linux-4.4.0-53-generic #74-Ubuntu SMP Fri Dec 2 15:59:10 UTC 2016
nodename: VM-119-176-ubuntu
machine: x86_64
clock source: unix
detected number of CPU cores: 1
current working directory: /home/ubuntu/project/Blog/wfxu
detected binary path: /usr/local/bin/uwsgi
!!! no internal routing support, rebuild with pcre support !!!
chdir() to /home/ubuntu/project/Blog/wfxu
*** WARNING: you are running uWSGI without its master process manager ***
your processes number limit is 3308
your memory page size is 4096 bytes
detected max file descriptor number: 1024
lock engine: pthread robust mutexes
thunder lock: disabled (you can enable it with --thunder-lock)
uwsgi socket 0 bound to TCP address :8080 fd 3
Python version: 2.7.12 (default, Nov 19 2016, 06:48:10)  [GCC 5.4.0 20160609]
*** Python threads support is disabled. You can enable it with --enable-threads ***
Python main interpreter initialized at 0x271c5a0
your server socket listen backlog is limited to 100 connections
your mercy for graceful operations on workers is 60 seconds
mapped 291040 bytes (284 KB) for 4 cores
*** Operational MODE: preforking ***
ImportError: No module named django_wsgi
unable to load app 0 (mountpoint='') (callable not found or import error)
*** no app loaded. going in full dynamic mode ***
*** uWSGI is running in multiple interpreter mode ***
spawned uWSGI worker 1 (pid: 17030, cores: 1)
spawned uWSGI worker 2 (pid: 17031, cores: 1)
spawned uWSGI worker 3 (pid: 17032, cores: 1)
spawned uWSGI worker 4 (pid: 17033, cores: 1)
--- no python application found, check your startup logs for errors ---
[pid: 17030|app: -1|req: -1/1] 183.212.244.208 () {44 vars in 769 bytes} [Sun Apr 23 11:41:08 2017] GET /log => generated 21 bytes in 0 msecs (HTTP/1.1 500) 2 headers in 83 bytes (0 switches on core 0)
--- no python application found, check your startup logs for errors ---
[pid: 17030|app: -1|req: -1/2] 183.212.244.208 () {42 vars in 732 bytes} [Sun Apr 23 11:41:13 2017] GET / => generated 21 bytes in 0 msecs (HTTP/1.1 500) 2 headers in 83 bytes (0 switches on core 0)
--- no python application found, check your startup logs for errors ---
[pid: 17031|app: -1|req: -1/3] 183.212.244.208 () {44 vars in 763 bytes} [Sun Apr 23 11:42:37 2017] GET / => generated 21 bytes in 0 msecs (HTTP/1.1 500) 2 headers in 83 bytes (0 switches on core 0)
invalid request block size: 21573 (max 4096)...skip
invalid request block size: 21573 (max 4096)...skip
invalid request block size: 21573 (max 4096)...skip
invalid request block size: 21573 (max 4096)...skip
--- no python application found, check your startup logs for errors ---
[pid: 17033|app: -1|req: -1/4] 183.212.244.208 () {42 vars in 732 bytes} [Sun Apr 23 11:42:55 2017] GET / => generated 21 bytes in 0 msecs (HTTP/1.1 500) 2 headers in 83 bytes (0 switches on core 0)
*** Starting uWSGI 2.0.15 (64bit) on [Sun Apr 23 11:52:39 2017] ***
compiled with version: 5.4.0 20160609 on 09 April 2017 23:08:20
os: Linux-4.4.0-53-generic #74-Ubuntu SMP Fri Dec 2 15:59:10 UTC 2016
nodename: VM-119-176-ubuntu
machine: x86_64
clock source: unix
detected number of CPU cores: 1
current working directory: /home/ubuntu/project/Blog/wfxu
detected binary path: /usr/local/bin/uwsgi
!!! no internal routing support, rebuild with pcre support !!!
chdir() to /home/ubuntu/project/Blog/wfxu
*** WARNING: you are running uWSGI without its master process manager ***
your processes number limit is 3308
your memory page size is 4096 bytes
detected max file descriptor number: 1024
lock engine: pthread robust mutexes
thunder lock: disabled (you can enable it with --thunder-lock)
uwsgi socket 0 bound to TCP address :8080 fd 3
Python version: 2.7.12 (default, Nov 19 2016, 06:48:10)  [GCC 5.4.0 20160609]
*** Python threads support is disabled. You can enable it with --enable-threads ***
Python main interpreter initialized at 0x140c5a0
your server socket listen backlog is limited to 100 connections
your mercy for graceful operations on workers is 60 seconds
mapped 291040 bytes (284 KB) for 4 cores
*** Operational MODE: preforking ***
WSGI app 0 (mountpoint='') ready in 1 seconds on interpreter 0x140c5a0 pid: 17660 (default app)
*** uWSGI is running in multiple interpreter mode ***
spawned uWSGI worker 1 (pid: 17660, cores: 1)
spawned uWSGI worker 2 (pid: 17663, cores: 1)
spawned uWSGI worker 3 (pid: 17664, cores: 1)
spawned uWSGI worker 4 (pid: 17665, cores: 1)
[pid: 17660|app: 0|req: 1/1] 183.212.244.208 () {44 vars in 763 bytes} [Sun Apr 23 11:52:44 2017] GET / => generated 2566 bytes in 20 msecs (HTTP/1.1 200) 3 headers in 110 bytes (1 switches on core 0)
[pid: 17663|app: 0|req: 1/2] 183.212.244.208 () {42 vars in 740 bytes} [Sun Apr 23 11:53:05 2017] GET /blog => generated 9747 bytes in 111 msecs (HTTP/1.1 200) 3 headers in 110 bytes (1 switches on core 0)
[pid: 17665|app: 0|req: 1/3] 183.212.244.208 () {42 vars in 732 bytes} [Sun Apr 23 11:53:31 2017] GET / => generated 2566 bytes in 18 msecs (HTTP/1.1 200) 3 headers in 110 bytes (1 switches on core 0)
invalid request block size: 21573 (max 4096)...skip
invalid request block size: 21573 (max 4096)...skip
invalid request block size: 21573 (max 4096)...skip
invalid request block size: 20047 (max 4096)...skip
invalid request block size: 20047 (max 4096)...skip
invalid request block size: 20047 (max 4096)...skip
invalid request block size: 21573 (max 4096)...skip
invalid request block size: 21573 (max 4096)...skip
invalid request block size: 21573 (max 4096)...skip
invalid request block size: 21573 (max 4096)...skip
invalid request block size: 21573 (max 4096)...skip
invalid request block size: 21573 (max 4096)...skip
invalid request block size: 21573 (max 4096)...skip
invalid request block size: 21573 (max 4096)...skip
invalid request block size: 21573 (max 4096)...skip
invalid request block size: 21573 (max 4096)...skip
invalid request block size: 20047 (max 4096)...skip
invalid request block size: 20047 (max 4096)...skip
invalid request block size: 20047 (max 4096)...skip
invalid request block size: 21573 (max 4096)...skip
invalid request block size: 21573 (max 4096)...skip
invalid request block size: 20047 (max 4096)...skip
invalid request block size: 21573 (max 4096)...skip
invalid request block size: 21573 (max 4096)...skip
invalid request block size: 21573 (max 4096)...skip
invalid request block size: 21573 (max 4096)...skip
invalid request block size: 21327 (max 4096)...skip
invalid request block size: 21327 (max 4096)...skip
invalid request block size: 21573 (max 4096)...skip
invalid request block size: 21573 (max 4096)...skip
invalid request block size: 21573 (max 4096)...skip
[pid: 17664|app: 0|req: 1/4] 183.212.244.208 () {44 vars in 763 bytes} [Sun Apr 23 20:19:37 2017] GET / => generated 2566 bytes in 17 msecs (HTTP/1.1 200) 3 headers in 110 bytes (1 switches on core 0)
[pid: 17663|app: 0|req: 2/5] 183.212.244.208 () {44 vars in 763 bytes} [Sun Apr 23 20:19:48 2017] GET / => generated 2566 bytes in 2 msecs (HTTP/1.1 200) 3 headers in 110 bytes (1 switches on core 0)
[pid: 17660|app: 0|req: 2/6] 183.212.244.208 () {42 vars in 740 bytes} [Sun Apr 23 20:20:04 2017] GET /blog => generated 9747 bytes in 41 msecs (HTTP/1.1 200) 3 headers in 110 bytes (1 switches on core 0)
invalid request block size: 21573 (max 4096)...skip
invalid request block size: 21573 (max 4096)...skip
invalid request block size: 21573 (max 4096)...skip
invalid request block size: 21573 (max 4096)...skip
invalid request block size: 21573 (max 4096)...skip
[pid: 17664|app: 0|req: 2/7] 101.226.68.215 () {40 vars in 695 bytes} [Sun Apr 23 23:30:02 2017] GET /blog => generated 9747 bytes in 37 msecs (HTTP/1.1 200) 3 headers in 110 bytes (1 switches on core 0)
invalid request block size: 21573 (max 4096)...skip
invalid request block size: 20047 (max 4096)...skip
invalid request block size: 21573 (max 4096)...skip
invalid request block size: 21573 (max 4096)...skip
invalid request block size: 21573 (max 4096)...skip
invalid request block size: 21573 (max 4096)...skip
invalid request block size: 21573 (max 4096)...skip
invalid request block size: 21573 (max 4096)...skip
invalid request block size: 21573 (max 4096)...skip
invalid request block size: 21573 (max 4096)...skip
invalid request block size: 21573 (max 4096)...skip
invalid request block size: 21573 (max 4096)...skip
invalid request block size: 21573 (max 4096)...skip
invalid request block size: 21573 (max 4096)...skip
invalid request block size: 21573 (max 4096)...skip
invalid request block size: 21573 (max 4096)...skip
invalid request block size: 21573 (max 4096)...skip
invalid request block size: 21573 (max 4096)...skip
invalid request block size: 21573 (max 4096)...skip
invalid request block size: 21573 (max 4096)...skip
invalid request block size: 21573 (max 4096)...skip
invalid request block size: 21573 (max 4096)...skip
invalid request block size: 21573 (max 4096)...skip
invalid request block size: 21573 (max 4096)...skip
invalid request block size: 21573 (max 4096)...skip
invalid request block size: 21573 (max 4096)...skip
invalid request block size: 21573 (max 4096)...skip
invalid request block size: 21573 (max 4096)...skip
invalid request block size: 21573 (max 4096)...skip
invalid request block size: 21573 (max 4096)...skip
invalid request block size: 21573 (max 4096)...skip
invalid request block size: 21573 (max 4096)...skip
invalid request block size: 21573 (max 4096)...skip
invalid request block size: 21573 (max 4096)...skip
invalid request block size: 21573 (max 4096)...skip
invalid request block size: 21573 (max 4096)...skip
invalid request block size: 21573 (max 4096)...skip
invalid request block size: 21573 (max 4096)...skip
invalid request block size: 21573 (max 4096)...skip
invalid request block size: 21573 (max 4096)...skip
invalid request block size: 21573 (max 4096)...skip
invalid request block size: 21573 (max 4096)...skip
invalid request block size: 21573 (max 4096)...skip
invalid request block size: 21573 (max 4096)...skip
invalid request block size: 20047 (max 4096)...skip
invalid request block size: 21573 (max 4096)...skip
invalid request block size: 21573 (max 4096)...skip
invalid request block size: 21573 (max 4096)...skip
invalid request block size: 21573 (max 4096)...skip
invalid request block size: 21573 (max 4096)...skip
invalid request block size: 21573 (max 4096)...skip
invalid request block size: 21573 (max 4096)...skip
invalid request block size: 21573 (max 4096)...skip
invalid request block size: 21573 (max 4096)...skip
[pid: 17665|app: 0|req: 2/8] 112.90.82.218 () {40 vars in 694 bytes} [Mon Apr 24 07:02:59 2017] GET /blog => generated 9747 bytes in 45 msecs (HTTP/1.1 200) 3 headers in 110 bytes (1 switches on core 0)
invalid request block size: 21573 (max 4096)...skip
